---------- Date: 2018-03-07 09:23:22 ~ IP : 192.168.1.33 ----------
REQUEST URI : /opencart/freshfood_3/Quickstart/index.php?route=common/home
MOD DETAILS:
   modFile   : D:\xampp\htdocs\opencart\freshfood_3\Quickstart\vqmod/xml/freshfood_lan.xml
   id        : VQMod Manager Menu Shortcut
   version   : 2.0.0
   vqmver    : 2.3.0
   author    : Jason Clark (mithereal@gmail.com)

File Name    : catalog/language/en-gb/common/cart.php(0)
VQModObject::applyMod - SEARCH NOT FOUND (ABORTING MOD): $_['text_items']     = '%s item(s) - %s';
----------------------------------------------------------------------


---------- Date: 2018-03-07 09:23:53 ~ IP : 192.168.1.33 ----------
REQUEST URI : /opencart/freshfood_3/Quickstart/index.php?route=common/cart/info
MOD DETAILS:
   modFile   : D:\xampp\htdocs\opencart\freshfood_3\Quickstart\vqmod/xml/freshfood_lan.xml
   id        : VQMod Manager Menu Shortcut
   version   : 2.0.0
   vqmver    : 2.3.0
   author    : Jason Clark (mithereal@gmail.com)

File Name    : catalog/language/en-gb/common/cart.php(0)
VQModObject::applyMod - SEARCH NOT FOUND (ABORTING MOD): $_['text_items']     = '%s item(s) - %s';
----------------------------------------------------------------------


---------- Date: 2018-03-07 09:26:46 ~ IP : 192.168.1.33 ----------
REQUEST URI : /opencart/freshfood_3/Quickstart/index.php?route=common/home
MOD DETAILS:
   modFile   : D:\xampp\htdocs\opencart\freshfood_3\Quickstart\vqmod/xml/freshfood_lan.xml
   id        : VQMod Manager Menu Shortcut
   version   : 2.0.0
   vqmver    : 2.3.0
   author    : Jason Clark (mithereal@gmail.com)

File Name    : catalog/language/en-gb/common/cart.php(0)
VQModObject::applyMod - SEARCH NOT FOUND (ABORTING MOD): $_['text_items']     = '%s item(s) - %s';
----------------------------------------------------------------------


---------- Date: 2018-03-07 09:28:04 ~ IP : 192.168.1.33 ----------
REQUEST URI : /opencart/freshfood_3/Quickstart/index.php?route=common/home
MOD DETAILS:
   modFile   : D:\xampp\htdocs\opencart\freshfood_3\Quickstart\vqmod/xml/freshfood.xml
   id        : VQMod Manager Menu Shortcut
   version   : 2.0.0
   vqmver    : 2.3.0
   author    : Jason Clark (mithereal@gmail.com)

File Name    : catalog/language/*/common/cart.php(0)
VQModObject::applyMod - SEARCH NOT FOUND (ABORTING MOD): $_['text_recurring'] = 'Payment Profile';
----------------------------------------------------------------------


---------- Date: 2018-03-07 09:40:46 ~ IP : 192.168.1.33 ----------
REQUEST URI : /opencart/freshfood_3/Quickstart/index.php?route=common/home
MOD DETAILS:
   modFile   : D:\xampp\htdocs\opencart\freshfood_3\Quickstart\vqmod/xml/freshfood_lan.xml
   id        : VQMod Manager Menu Shortcut
   version   : 2.0.0
   vqmver    : 2.3.0
   author    : Jason Clark (mithereal@gmail.com)

File Name    : catalog/language/en-gb/common/cart.php(0)
VQModObject::applyMod - SEARCH NOT FOUND (ABORTING MOD): $_['text_items']     = '%s item(s) - %s';
----------------------------------------------------------------------


---------- Date: 2018-03-07 09:44:50 ~ IP : 192.168.1.33 ----------
REQUEST URI : /opencart/freshfood_3/Quickstart/index.php?route=common/home
MOD DETAILS:
   modFile   : D:\xampp\htdocs\opencart\freshfood_3\Quickstart\vqmod/xml/freshfood_lan.xml
   id        : VQMod Manager Menu Shortcut
   version   : 2.0.0
   vqmver    : 2.3.0
   author    : Jason Clark (mithereal@gmail.com)

File Name    : catalog/language/en-gb/common/cart.php(0)
VQModObject::applyMod - SEARCH NOT FOUND (ABORTING MOD): $_['text_items']     = '%s item(s) - %s';
----------------------------------------------------------------------


---------- Date: 2018-03-07 09:46:50 ~ IP : 192.168.1.33 ----------
REQUEST URI : /opencart/freshfood_3/Quickstart/index.php?route=common/home
MOD DETAILS:
   modFile   : D:\xampp\htdocs\opencart\freshfood_3\Quickstart\vqmod/xml/freshfood_lan.xml
   id        : VQMod Manager Menu Shortcut
   version   : 2.0.0
   vqmver    : 2.3.0
   author    : Jason Clark (mithereal@gmail.com)

File Name    : catalog/language/en-gb/common/cart.php(0)
VQModObject::applyMod - SEARCH NOT FOUND (ABORTING MOD): $_['text_items']     = '%s item(s) - %s';
----------------------------------------------------------------------


---------- Date: 2018-03-07 09:49:10 ~ IP : 192.168.1.33 ----------
REQUEST URI : /opencart/freshfood_3/Quickstart/index.php?route=common/home
MOD DETAILS:
   modFile   : D:\xampp\htdocs\opencart\freshfood_3\Quickstart\vqmod/xml/freshfood_lan.xml
   id        : VQMod Manager Menu Shortcut
   version   : 2.0.0
   vqmver    : 2.3.0
   author    : Jason Clark (mithereal@gmail.com)

File Name    : catalog/language/en-gb/common/cart.php(0)
VQModObject::applyMod - SEARCH NOT FOUND (ABORTING MOD): $_['text_items']     = '%s item(s) - %s';
----------------------------------------------------------------------


---------- Date: 2018-03-07 09:50:57 ~ IP : 192.168.1.33 ----------
REQUEST URI : /opencart/freshfood_3/Quickstart/index.php?route=common/home
MOD DETAILS:
   modFile   : D:\xampp\htdocs\opencart\freshfood_3\Quickstart\vqmod/xml/freshfood_lan.xml
   id        : VQMod Manager Menu Shortcut
   version   : 2.0.0
   vqmver    : 2.3.0
   author    : Jason Clark (mithereal@gmail.com)

File Name    : catalog/language/en-gb/common/cart.php(0)
VQModObject::applyMod - SEARCH NOT FOUND (ABORTING MOD): $_['text_items']     = '%s item(s) - %s';
----------------------------------------------------------------------


---------- Date: 2018-03-07 09:54:58 ~ IP : 192.168.1.33 ----------
REQUEST URI : /opencart/freshfood_3/Quickstart/index.php?route=common/home
MOD DETAILS:
   modFile   : D:\xampp\htdocs\opencart\freshfood_3\Quickstart\vqmod/xml/freshfood_lan.xml
   id        : VQMod Manager Menu Shortcut
   version   : 2.0.0
   vqmver    : 2.3.0
   author    : Jason Clark (mithereal@gmail.com)

File Name    : catalog/language/en-gb/common/cart.php(0)
VQModObject::applyMod - SEARCH NOT FOUND (ABORTING MOD): $_['text_items']     = '%s item(s) - %s';
----------------------------------------------------------------------


---------- Date: 2018-03-07 10:00:39 ~ IP : 192.168.1.33 ----------
REQUEST URI : /opencart/freshfood_3/Quickstart/index.php?route=common/home
MOD DETAILS:
   modFile   : D:\xampp\htdocs\opencart\freshfood_3\Quickstart\vqmod/xml/freshfood_lan.xml
   id        : VQMod Manager Menu Shortcut
   version   : 2.0.0
   vqmver    : 2.3.0
   author    : Jason Clark (mithereal@gmail.com)

File Name    : catalog/language/en-gb/common/cart.php(0)
VQModObject::applyMod - SEARCH NOT FOUND (ABORTING MOD): $_['text_items']     = '%s item(s) - %s';
----------------------------------------------------------------------


---------- Date: 2018-03-07 10:06:26 ~ IP : 192.168.1.33 ----------
REQUEST URI : /opencart/freshfood_3/Quickstart/index.php?route=common/home
MOD DETAILS:
   modFile   : D:\xampp\htdocs\opencart\freshfood_3\Quickstart\vqmod/xml/freshfood_lan.xml
   id        : VQMod Manager Menu Shortcut
   version   : 2.0.0
   vqmver    : 2.3.0
   author    : Jason Clark (mithereal@gmail.com)

File Name    : catalog/language/en-gb/common/cart.php(0)
VQModObject::applyMod - SEARCH NOT FOUND (ABORTING MOD): $_['text_items']     = '%s item(s) - %s';
----------------------------------------------------------------------


---------- Date: 2018-03-07 10:11:12 ~ IP : 192.168.1.33 ----------
REQUEST URI : /opencart/freshfood_3/Quickstart/index.php?route=common/home
MOD DETAILS:
   modFile   : D:\xampp\htdocs\opencart\freshfood_3\Quickstart\vqmod/xml/freshfood_lan.xml
   id        : VQMod Manager Menu Shortcut
   version   : 2.0.0
   vqmver    : 2.3.0
   author    : Jason Clark (mithereal@gmail.com)

File Name    : catalog/language/en-gb/common/cart.php(0)
VQModObject::applyMod - SEARCH NOT FOUND (ABORTING MOD): $_['text_items']     = '%s item(s) - %s';
----------------------------------------------------------------------


---------- Date: 2018-03-07 10:16:59 ~ IP : 192.168.1.33 ----------
REQUEST URI : /opencart/freshfood_3/Quickstart/index.php?route=common/home
MOD DETAILS:
   modFile   : D:\xampp\htdocs\opencart\freshfood_3\Quickstart\vqmod/xml/freshfood_lan.xml
   id        : VQMod Manager Menu Shortcut
   version   : 2.0.0
   vqmver    : 2.3.0
   author    : Jason Clark (mithereal@gmail.com)

File Name    : catalog/language/en-gb/common/cart.php(0)
VQModObject::applyMod - SEARCH NOT FOUND (ABORTING MOD): $_['text_items']     = '%s item(s) - %s';
----------------------------------------------------------------------


---------- Date: 2018-03-07 10:25:28 ~ IP : 192.168.1.33 ----------
REQUEST URI : /opencart/freshfood_3/Quickstart/index.php?route=common/home
MOD DETAILS:
   modFile   : D:\xampp\htdocs\opencart\freshfood_3\Quickstart\vqmod/xml/freshfood_lan.xml
   id        : VQMod Manager Menu Shortcut
   version   : 2.0.0
   vqmver    : 2.3.0
   author    : Jason Clark (mithereal@gmail.com)

File Name    : catalog/language/en-gb/common/cart.php(0)
VQModObject::applyMod - SEARCH NOT FOUND (ABORTING MOD): $_['text_items']     = '%s item(s) - %s';
----------------------------------------------------------------------


---------- Date: 2018-03-07 10:35:23 ~ IP : 192.168.1.33 ----------
REQUEST URI : /opencart/freshfood_3/Quickstart/index.php?route=common/home
MOD DETAILS:
   modFile   : D:\xampp\htdocs\opencart\freshfood_3\Quickstart\vqmod/xml/freshfood.xml
   id        : VQMod Manager Menu Shortcut
   version   : 2.0.0
   vqmver    : 2.3.0
   author    : Jason Clark (mithereal@gmail.com)

File Name    : /catalog/language/en-gb/en-gb.php(0)
VQModObject::applyMod - SEARCH NOT FOUND (ABORTING MOD): $_['text_home']             = '<i class="fa fa-home"></i>';
----------------------------------------------------------------------


---------- Date: 2018-03-07 10:48:15 ~ IP : 192.168.1.33 ----------
REQUEST URI : /opencart/freshfood_3/Quickstart/admin/index.php?route=design/layout&user_token=vhv5Ev4td4TlbQ2j9agWh7WRuF0CAVrr
MOD DETAILS:
   modFile   : D:\xampp\htdocs\opencart\freshfood_3\Quickstart\vqmod/xml/freshfood.xml
   id        : VQMod Manager Menu Shortcut
   version   : 2.0.0
   vqmver    : 2.3.0
   author    : Jason Clark (mithereal@gmail.com)

File Name    : admin/language/en-gb/design/layout.php(0)
VQModObject::applyMod - SEARCH NOT FOUND (ABORTING MOD): $_['text_column_right']   = 'Column Right';
----------------------------------------------------------------------


---------- Date: 2018-03-07 11:01:07 ~ IP : 192.168.1.33 ----------
REQUEST URI : /opencart/freshfood_3/Quickstart/index.php?route=common/home
MOD DETAILS:
   modFile   : D:\xampp\htdocs\opencart\freshfood_3\Quickstart\vqmod/xml/freshfood.xml
   id        : VQMod Manager Menu Shortcut
   version   : 2.0.0
   vqmver    : 2.3.0
   author    : Jason Clark (mithereal@gmail.com)

File Name    : /catalog/language/en-gb/common/footer.php(0)
VQModObject::applyMod - SEARCH NOT FOUND (ABORTING MOD): $_['text_information']  = 'Information';

File Name    : catalog/language/en-gb/common/cart.php(0)
VQModObject::applyMod - SEARCH NOT FOUND (ABORTING MOD): $_['text_items']     = '%s item(s) - %s';
----------------------------------------------------------------------


---------- Date: 2018-03-07 11:10:14 ~ IP : 192.168.1.33 ----------
REQUEST URI : /opencart/freshfood_3/Quickstart/index.php?route=common/home
MOD DETAILS:
   modFile   : D:\xampp\htdocs\opencart\freshfood_3\Quickstart\vqmod/xml/freshfood_lan.xml
   id        : VQMod Manager Menu Shortcut
   version   : 2.0.0
   vqmver    : 2.3.0
   author    : Jason Clark (mithereal@gmail.com)

File Name    : catalog/language/en-gb/common/cart.php(0)
VQModObject::applyMod - SEARCH NOT FOUND (ABORTING MOD): $_['text_items']     = '%s item(s) - %s';
----------------------------------------------------------------------


---------- Date: 2018-03-07 11:24:14 ~ IP : 192.168.1.33 ----------
REQUEST URI : /opencart/freshfood_3/Quickstart/index.php?route=common/home
MOD DETAILS:
   modFile   : D:\xampp\htdocs\opencart\freshfood_3\Quickstart\vqmod/xml/freshfood_lan.xml
   id        : VQMod Manager Menu Shortcut
   version   : 2.0.0
   vqmver    : 2.3.0
   author    : Jason Clark (mithereal@gmail.com)

File Name    : catalog/language/en-gb/common/cart.php(0)
VQModObject::applyMod - SEARCH NOT FOUND (ABORTING MOD): $_['text_items']     = '%s item(s) - %s';
----------------------------------------------------------------------


---------- Date: 2018-03-07 11:24:31 ~ IP : 192.168.1.33 ----------
REQUEST URI : /opencart/freshfood_3/Quickstart/index.php?route=common/home
MOD DETAILS:
   modFile   : D:\xampp\htdocs\opencart\freshfood_3\Quickstart\vqmod/xml/freshfood_lan.xml
   id        : VQMod Manager Menu Shortcut
   version   : 2.0.0
   vqmver    : 2.3.0
   author    : Jason Clark (mithereal@gmail.com)

File Name    : catalog/language/fr-Fr/common/cart.php(0)
VQModObject::applyMod - SEARCH NOT FOUND (ABORTING MOD): $_['text_items']     ='%s élément (s) - %s';
----------------------------------------------------------------------


---------- Date: 2018-03-07 11:38:19 ~ IP : 192.168.1.33 ----------
REQUEST URI : /opencart/freshfood_3/Quickstart/index.php?route=common/home
MOD DETAILS:
   modFile   : D:\xampp\htdocs\opencart\freshfood_3\Quickstart\vqmod/xml/freshfood_lan.xml
   id        : VQMod Manager Menu Shortcut
   version   : 2.0.0
   vqmver    : 2.3.0
   author    : Jason Clark (mithereal@gmail.com)

File Name    : catalog/language/en-gb/common/cart.php(0)
VQModObject::applyMod - SEARCH NOT FOUND (ABORTING MOD): $_['text_items']     = '%s item(s) - %s';
----------------------------------------------------------------------


---------- Date: 2018-03-07 11:53:37 ~ IP : 192.168.1.33 ----------
REQUEST URI : /opencart/freshfood_3/Quickstart/index.php?route=account/login
MOD DETAILS:
   modFile   : D:\xampp\htdocs\opencart\freshfood_3\Quickstart\vqmod/xml/freshfood_lan.xml
   id        : VQMod Manager Menu Shortcut
   version   : 2.0.0
   vqmver    : 2.3.0
   author    : Jason Clark (mithereal@gmail.com)

File Name    : catalog/language/en-gb/common/cart.php(0)
VQModObject::applyMod - SEARCH NOT FOUND (ABORTING MOD): $_['text_items']     = '%s item(s) - %s';
----------------------------------------------------------------------


