---------- Date: 2018-02-02 10:36:37 ~ IP : 192.168.1.167 ----------
REQUEST URI : /opencart/freshfood_3/Quickstart/index.php?route=common/home
MOD DETAILS:
   modFile   : D:\xampp\htdocs\opencart\freshfood_3\Quickstart\vqmod/xml/freshfood.xml
   id        : VQMod Manager Menu Shortcut
   version   : 2.0.0
   vqmver    : 2.3.0
   author    : Jason Clark (mithereal@gmail.com)

File Name    : catalog/language/*/common/cart.php(0)
VQModObject::applyMod - SEARCH NOT FOUND (ABORTING MOD): $_['text_recurring'] = 'Payment Profile';
----------------------------------------------------------------------


---------- Date: 2018-02-02 10:36:57 ~ IP : 192.168.1.167 ----------
REQUEST URI : /opencart/freshfood_3/Quickstart/index.php?route=checkout/checkout
MOD DETAILS:
   modFile   : D:\xampp\htdocs\opencart\freshfood_3\Quickstart\vqmod/xml/freshfood.xml
   id        : VQMod Manager Menu Shortcut
   version   : 2.0.0
   vqmver    : 2.3.0
   author    : Jason Clark (mithereal@gmail.com)

File Name    : catalog/language/*/checkout/checkout.php(0)
VQModObject::applyMod - SEARCH NOT FOUND (ABORTING MOD): $_['error_custom_field']             = '%s required!';
----------------------------------------------------------------------


---------- Date: 2018-02-02 11:07:51 ~ IP : 192.168.1.33 ----------
REQUEST URI : /opencart/freshfood_3/Quickstart/index.php?route=account/order
MOD DETAILS:
   modFile   : D:\xampp\htdocs\opencart\freshfood_3\Quickstart\vqmod/xml/freshfood.xml
   id        : VQMod Manager Menu Shortcut
   version   : 2.0.0
   vqmver    : 2.3.0
   author    : Jason Clark (mithereal@gmail.com)

File Name    : catalog/language/*/common/cart.php(0)
VQModObject::applyMod - SEARCH NOT FOUND (ABORTING MOD): $_['text_recurring'] = 'Payment Profile';
----------------------------------------------------------------------


---------- Date: 2018-02-02 11:08:39 ~ IP : 192.168.1.33 ----------
REQUEST URI : /opencart/freshfood_3/Quickstart/index.php?route=account/order
MOD DETAILS:
   modFile   : D:\xampp\htdocs\opencart\freshfood_3\Quickstart\vqmod/xml/freshfood.xml
   id        : VQMod Manager Menu Shortcut
   version   : 2.0.0
   vqmver    : 2.3.0
   author    : Jason Clark (mithereal@gmail.com)

File Name    : catalog/language/*/common/cart.php(0)
VQModObject::applyMod - SEARCH NOT FOUND (ABORTING MOD): $_['text_recurring'] = 'Payment Profile';
----------------------------------------------------------------------


---------- Date: 2018-02-02 11:08:49 ~ IP : 192.168.1.33 ----------
REQUEST URI : /opencart/freshfood_3/Quickstart/index.php?route=account/order
MOD DETAILS:
   modFile   : D:\xampp\htdocs\opencart\freshfood_3\Quickstart\vqmod/xml/freshfood.xml
   id        : VQMod Manager Menu Shortcut
   version   : 2.0.0
   vqmver    : 2.3.0
   author    : Jason Clark (mithereal@gmail.com)

File Name    : catalog/language/*/common/cart.php(0)
VQModObject::applyMod - SEARCH NOT FOUND (ABORTING MOD): $_['text_recurring'] = 'Payment Profile';
----------------------------------------------------------------------


